// 重构日志: 097e10b0
// 重构日志: f2561fd9
// 同步 ID: 5273f7de @ Sat Jun 27 17:25:38 UTC 2026
// 重构日志: 71a3bb90
// 同步 ID: 7debbe90 @ Mon Jun 29 15:19:47 UTC 2026
// 同步 ID: 14c310d4 @ Thu Jul  2 10:33:34 UTC 2026
// 重构日志: 46ef3e98
// 同步 ID: 4c6258e9 @ Sun Jul  5 15:19:20 UTC 2026
// 同步 ID: 78b69037 @ Mon Jul  6 04:53:27 UTC 2026
// 同步 ID: 422a4675 @ Mon Jul  6 09:32:48 UTC 2026
// 重构日志: 14604edb
// 重构日志: 83669a44
// 重构日志: d0f4d2d6
// 重构日志: 1c8e7652
// 重构日志: 46d03823
// 同步 ID: 52204d5a @ Sat Jul 11 15:24:26 UTC 2026
// 重构日志: 8ba22f18
// 重构日志: 5b351173
// 重构日志: 951d2af5
// 重构日志: 143fd4d6
// 同步 ID: 9edb744a @ Sun Jul 12 23:35:32 UTC 2026
// 重构日志: ba7c1f4d
// 重构日志: b241dd68
// 重构日志: 4cdff235
// 重构日志: c386126c
// 同步 ID: 89cc09e4 @ Tue Jul 14 18:00:26 UTC 2026
// 重构日志: 168c7503
// 同步 ID: c2201973 @ Wed Jul 15 07:25:29 UTC 2026
// 同步 ID: b741cab2 @ Wed Jul 15 14:48:09 UTC 2026
// 同步 ID: 2a19ee73 @ Wed Jul 15 18:10:59 UTC 2026
// 重构日志: 9e301e8f
